The system is: Linux - 6.8.0-52-generic - x86_64
Compiling the CXX compiler identification source file "CMakeCXXCompilerId.cpp" succeeded.
Compiler: /usr/local/gcc-15.1/bin/g++ 
Build flags: 
Id flags:  

The output was:
0


Compilation of the CXX compiler identification source "CMakeCXXCompilerId.cpp" produced "a.out"

The CXX compiler identification is GNU, found in "/home/dongye/cpp_projects/clion-server/dchat/build/CMakeFiles/3.22.1/CompilerIdCXX/a.out"

Detecting CXX compiler ABI info compiled with the following output:
Change Dir: /home/dongye/cpp_projects/clion-server/dchat/build/CMakeFiles/CMakeTmp

Run Build Command(s):/usr/bin/gmake -f Makefile cmTC_22c0b/fast && gmake[1]: Entering directory '/home/dongye/cpp_projects/clion-server/dchat/build/CMakeFiles/CMakeTmp'
/usr/bin/gmake  -f CMakeFiles/cmTC_22c0b.dir/build.make CMakeFiles/cmTC_22c0b.dir/build
gmake[2]: Entering directory '/home/dongye/cpp_projects/clion-server/dchat/build/CMakeFiles/CMakeTmp'
Building CXX object CMakeFiles/cmTC_22c0b.dir/CMakeCXXCompilerABI.cpp.o
/usr/local/gcc-15.1/bin/g++   -v -o CMakeFiles/cmTC_22c0b.dir/CMakeCXXCompilerABI.cpp.o -c /usr/share/cmake-3.22/Modules/CMakeCXXCompilerABI.cpp
Using built-in specs.
COLLECT_GCC=/usr/local/gcc-15.1/bin/g++
Target: x86_64-pc-linux-gnu
Configured with: ../gcc-15.1.0/configure --prefix=/usr/local/gcc-15.1 --enable-languages=c,c++ --disable-multilib
Thread model: posix
Supported LTO compression algorithms: zlib zstd
gcc version 15.1.0 (GCC) 
COLLECT_GCC_OPTIONS='-v' '-o' 'CMakeFiles/cmTC_22c0b.dir/CMakeCXXCompilerABI.cpp.o' '-c' '-shared-libgcc' '-mtune=generic' '-march=x86-64' '-dumpdir' 'CMakeFiles/cmTC_22c0b.dir/'
 /usr/local/gcc-15.1/libexec/gcc/x86_64-pc-linux-gnu/15.1.0/cc1plus -quiet -v -imultiarch x86_64-linux-gnu -D_GNU_SOURCE /usr/share/cmake-3.22/Modules/CMakeCXXCompilerABI.cpp -quiet -dumpdir CMakeFiles/cmTC_22c0b.dir/ -dumpbase CMakeCXXCompilerABI.cpp.cpp -dumpbase-ext .cpp -mtune=generic -march=x86-64 -version -o /tmp/ccWRO2hb.s
GNU C++17 (GCC) version 15.1.0 (x86_64-pc-linux-gnu)
	compiled by GNU C version 15.1.0, GMP version 6.2.1, MPFR version 4.1.0, MPC version 1.2.1, isl version isl-0.24-GMP

GGC heuristics: --param ggc-min-expand=100 --param ggc-min-heapsize=131072
ignoring nonexistent directory "/usr/local/include/x86_64-linux-gnu"
ignoring nonexistent directory "/usr/local/gcc-15.1/lib/gcc/x86_64-pc-linux-gnu/15.1.0/../../../../x86_64-pc-linux-gnu/include"
#include "..." search starts here:
#include <...> search starts here:
 /usr/local/gcc-15.1/lib/gcc/x86_64-pc-linux-gnu/15.1.0/../../../../include/c++/15.1.0
 /usr/local/gcc-15.1/lib/gcc/x86_64-pc-linux-gnu/15.1.0/../../../../include/c++/15.1.0/x86_64-pc-linux-gnu
 /usr/local/gcc-15.1/lib/gcc/x86_64-pc-linux-gnu/15.1.0/../../../../include/c++/15.1.0/backward
 /usr/local/gcc-15.1/lib/gcc/x86_64-pc-linux-gnu/15.1.0/include
 /usr/local/include
 /usr/local/gcc-15.1/include
 /usr/local/gcc-15.1/lib/gcc/x86_64-pc-linux-gnu/15.1.0/include-fixed/x86_64-linux-gnu
 /usr/local/gcc-15.1/lib/gcc/x86_64-pc-linux-gnu/15.1.0/include-fixed
 /usr/include/x86_64-linux-gnu
 /usr/include
End of search list.
Compiler executable checksum: 883382a72b8a7fa6b582194580fd455d
COLLECT_GCC_OPTIONS='-v' '-o' 'CMakeFiles/cmTC_22c0b.dir/CMakeCXXCompilerABI.cpp.o' '-c' '-shared-libgcc' '-mtune=generic' '-march=x86-64' '-dumpdir' 'CMakeFiles/cmTC_22c0b.dir/'
 as -v --64 -o CMakeFiles/cmTC_22c0b.dir/CMakeCXXCompilerABI.cpp.o /tmp/ccWRO2hb.s
GNU assembler version 2.38 (x86_64-linux-gnu) using BFD version (GNU Binutils for Ubuntu) 2.38
COMPILER_PATH=/usr/local/gcc-15.1/libexec/gcc/x86_64-pc-linux-gnu/15.1.0/:/usr/local/gcc-15.1/libexec/gcc/x86_64-pc-linux-gnu/15.1.0/:/usr/local/gcc-15.1/libexec/gcc/x86_64-pc-linux-gnu/:/usr/local/gcc-15.1/lib/gcc/x86_64-pc-linux-gnu/15.1.0/:/usr/local/gcc-15.1/lib/gcc/x86_64-pc-linux-gnu/
LIBRARY_PATH=/usr/local/gcc-15.1/lib/gcc/x86_64-pc-linux-gnu/15.1.0/:/usr/local/gcc-15.1/lib/gcc/x86_64-pc-linux-gnu/15.1.0/../../../../lib64/:/lib/x86_64-linux-gnu/:/lib/../lib64/:/usr/lib/x86_64-linux-gnu/:/usr/lib/../lib64/:/usr/local/gcc-15.1/lib/gcc/x86_64-pc-linux-gnu/15.1.0/../../../:/lib/:/usr/lib/
COLLECT_GCC_OPTIONS='-v' '-o' 'CMakeFiles/cmTC_22c0b.dir/CMakeCXXCompilerABI.cpp.o' '-c' '-shared-libgcc' '-mtune=generic' '-march=x86-64' '-dumpdir' 'CMakeFiles/cmTC_22c0b.dir/CMakeCXXCompilerABI.cpp.'
Linking CXX executable cmTC_22c0b
/usr/bin/cmake -E cmake_link_script CMakeFiles/cmTC_22c0b.dir/link.txt --verbose=1
/usr/local/gcc-15.1/bin/g++  -v -rdynamic CMakeFiles/cmTC_22c0b.dir/CMakeCXXCompilerABI.cpp.o -o cmTC_22c0b 
Using built-in specs.
COLLECT_GCC=/usr/local/gcc-15.1/bin/g++
COLLECT_LTO_WRAPPER=/usr/local/gcc-15.1/libexec/gcc/x86_64-pc-linux-gnu/15.1.0/lto-wrapper
Target: x86_64-pc-linux-gnu
Configured with: ../gcc-15.1.0/configure --prefix=/usr/local/gcc-15.1 --enable-languages=c,c++ --disable-multilib
Thread model: posix
Supported LTO compression algorithms: zlib zstd
gcc version 15.1.0 (GCC) 
COMPILER_PATH=/usr/local/gcc-15.1/libexec/gcc/x86_64-pc-linux-gnu/15.1.0/:/usr/local/gcc-15.1/libexec/gcc/x86_64-pc-linux-gnu/15.1.0/:/usr/local/gcc-15.1/libexec/gcc/x86_64-pc-linux-gnu/:/usr/local/gcc-15.1/lib/gcc/x86_64-pc-linux-gnu/15.1.0/:/usr/local/gcc-15.1/lib/gcc/x86_64-pc-linux-gnu/
LIBRARY_PATH=/usr/local/gcc-15.1/lib/gcc/x86_64-pc-linux-gnu/15.1.0/:/usr/local/gcc-15.1/lib/gcc/x86_64-pc-linux-gnu/15.1.0/../../../../lib64/:/lib/x86_64-linux-gnu/:/lib/../lib64/:/usr/lib/x86_64-linux-gnu/:/usr/lib/../lib64/:/usr/local/gcc-15.1/lib/gcc/x86_64-pc-linux-gnu/15.1.0/../../../:/lib/:/usr/lib/
COLLECT_GCC_OPTIONS='-v' '-rdynamic' '-o' 'cmTC_22c0b' '-shared-libgcc' '-mtune=generic' '-march=x86-64' '-dumpdir' 'cmTC_22c0b.'
 /usr/local/gcc-15.1/libexec/gcc/x86_64-pc-linux-gnu/15.1.0/collect2 -plugin /usr/local/gcc-15.1/libexec/gcc/x86_64-pc-linux-gnu/15.1.0/liblto_plugin.so -plugin-opt=/usr/local/gcc-15.1/libexec/gcc/x86_64-pc-linux-gnu/15.1.0/lto-wrapper -plugin-opt=-fresolution=/tmp/ccU6cbSI.res -plugin-opt=-pass-through=-lgcc_s -plugin-opt=-pass-through=-lgcc -plugin-opt=-pass-through=-lc -plugin-opt=-pass-through=-lgcc_s -plugin-opt=-pass-through=-lgcc --eh-frame-hdr -m elf_x86_64 -export-dynamic -dynamic-linker /lib64/ld-linux-x86-64.so.2 -o cmTC_22c0b /lib/x86_64-linux-gnu/crt1.o /lib/x86_64-linux-gnu/crti.o /usr/local/gcc-15.1/lib/gcc/x86_64-pc-linux-gnu/15.1.0/crtbegin.o -L/usr/local/gcc-15.1/lib/gcc/x86_64-pc-linux-gnu/15.1.0 -L/usr/local/gcc-15.1/lib/gcc/x86_64-pc-linux-gnu/15.1.0/../../../../lib64 -L/lib/x86_64-linux-gnu -L/lib/../lib64 -L/usr/lib/x86_64-linux-gnu -L/usr/lib/../lib64 -L/usr/local/gcc-15.1/lib/gcc/x86_64-pc-linux-gnu/15.1.0/../../.. -L/lib -L/usr/lib CMakeFiles/cmTC_22c0b.dir/CMakeCXXCompilerABI.cpp.o -lstdc++ -lm -lgcc_s -lgcc -lc -lgcc_s -lgcc /usr/local/gcc-15.1/lib/gcc/x86_64-pc-linux-gnu/15.1.0/crtend.o /lib/x86_64-linux-gnu/crtn.o
COLLECT_GCC_OPTIONS='-v' '-rdynamic' '-o' 'cmTC_22c0b' '-shared-libgcc' '-mtune=generic' '-march=x86-64' '-dumpdir' 'cmTC_22c0b.'
gmake[2]: Leaving directory '/home/dongye/cpp_projects/clion-server/dchat/build/CMakeFiles/CMakeTmp'
gmake[1]: Leaving directory '/home/dongye/cpp_projects/clion-server/dchat/build/CMakeFiles/CMakeTmp'



Parsed CXX implicit include dir info from above output: rv=done
  found start of include info
  found start of implicit include info
    add: [/usr/local/gcc-15.1/lib/gcc/x86_64-pc-linux-gnu/15.1.0/../../../../include/c++/15.1.0]
    add: [/usr/local/gcc-15.1/lib/gcc/x86_64-pc-linux-gnu/15.1.0/../../../../include/c++/15.1.0/x86_64-pc-linux-gnu]
    add: [/usr/local/gcc-15.1/lib/gcc/x86_64-pc-linux-gnu/15.1.0/../../../../include/c++/15.1.0/backward]
    add: [/usr/local/gcc-15.1/lib/gcc/x86_64-pc-linux-gnu/15.1.0/include]
    add: [/usr/local/include]
    add: [/usr/local/gcc-15.1/include]
    add: [/usr/local/gcc-15.1/lib/gcc/x86_64-pc-linux-gnu/15.1.0/include-fixed/x86_64-linux-gnu]
    add: [/usr/local/gcc-15.1/lib/gcc/x86_64-pc-linux-gnu/15.1.0/include-fixed]
    add: [/usr/include/x86_64-linux-gnu]
    add: [/usr/include]
  end of search list found
  collapse include dir [/usr/local/gcc-15.1/lib/gcc/x86_64-pc-linux-gnu/15.1.0/../../../../include/c++/15.1.0] ==> [/usr/local/gcc-15.1/include/c++/15.1.0]
  collapse include dir [/usr/local/gcc-15.1/lib/gcc/x86_64-pc-linux-gnu/15.1.0/../../../../include/c++/15.1.0/x86_64-pc-linux-gnu] ==> [/usr/local/gcc-15.1/include/c++/15.1.0/x86_64-pc-linux-gnu]
  collapse include dir [/usr/local/gcc-15.1/lib/gcc/x86_64-pc-linux-gnu/15.1.0/../../../../include/c++/15.1.0/backward] ==> [/usr/local/gcc-15.1/include/c++/15.1.0/backward]
  collapse include dir [/usr/local/gcc-15.1/lib/gcc/x86_64-pc-linux-gnu/15.1.0/include] ==> [/usr/local/gcc-15.1/lib/gcc/x86_64-pc-linux-gnu/15.1.0/include]
  collapse include dir [/usr/local/include] ==> [/usr/local/include]
  collapse include dir [/usr/local/gcc-15.1/include] ==> [/usr/local/gcc-15.1/include]
  collapse include dir [/usr/local/gcc-15.1/lib/gcc/x86_64-pc-linux-gnu/15.1.0/include-fixed/x86_64-linux-gnu] ==> [/usr/local/gcc-15.1/lib/gcc/x86_64-pc-linux-gnu/15.1.0/include-fixed/x86_64-linux-gnu]
  collapse include dir [/usr/local/gcc-15.1/lib/gcc/x86_64-pc-linux-gnu/15.1.0/include-fixed] ==> [/usr/local/gcc-15.1/lib/gcc/x86_64-pc-linux-gnu/15.1.0/include-fixed]
  collapse include dir [/usr/include/x86_64-linux-gnu] ==> [/usr/include/x86_64-linux-gnu]
  collapse include dir [/usr/include] ==> [/usr/include]
  implicit include dirs: [/usr/local/gcc-15.1/include/c++/15.1.0;/usr/local/gcc-15.1/include/c++/15.1.0/x86_64-pc-linux-gnu;/usr/local/gcc-15.1/include/c++/15.1.0/backward;/usr/local/gcc-15.1/lib/gcc/x86_64-pc-linux-gnu/15.1.0/include;/usr/local/include;/usr/local/gcc-15.1/include;/usr/local/gcc-15.1/lib/gcc/x86_64-pc-linux-gnu/15.1.0/include-fixed/x86_64-linux-gnu;/usr/local/gcc-15.1/lib/gcc/x86_64-pc-linux-gnu/15.1.0/include-fixed;/usr/include/x86_64-linux-gnu;/usr/include]


Parsed CXX implicit link information from above output:
  link line regex: [^( *|.*[/\])(ld|CMAKE_LINK_STARTFILE-NOTFOUND|([^/\]+-)?ld|collect2)[^/\]*( |$)]
  ignore line: [Change Dir: /home/dongye/cpp_projects/clion-server/dchat/build/CMakeFiles/CMakeTmp]
  ignore line: []
  ignore line: [Run Build Command(s):/usr/bin/gmake -f Makefile cmTC_22c0b/fast && gmake[1]: Entering directory '/home/dongye/cpp_projects/clion-server/dchat/build/CMakeFiles/CMakeTmp']
  ignore line: [/usr/bin/gmake  -f CMakeFiles/cmTC_22c0b.dir/build.make CMakeFiles/cmTC_22c0b.dir/build]
  ignore line: [gmake[2]: Entering directory '/home/dongye/cpp_projects/clion-server/dchat/build/CMakeFiles/CMakeTmp']
  ignore line: [Building CXX object CMakeFiles/cmTC_22c0b.dir/CMakeCXXCompilerABI.cpp.o]
  ignore line: [/usr/local/gcc-15.1/bin/g++   -v -o CMakeFiles/cmTC_22c0b.dir/CMakeCXXCompilerABI.cpp.o -c /usr/share/cmake-3.22/Modules/CMakeCXXCompilerABI.cpp]
  ignore line: [Using built-in specs.]
  ignore line: [COLLECT_GCC=/usr/local/gcc-15.1/bin/g++]
  ignore line: [Target: x86_64-pc-linux-gnu]
  ignore line: [Configured with: ../gcc-15.1.0/configure --prefix=/usr/local/gcc-15.1 --enable-languages=c c++ --disable-multilib]
  ignore line: [Thread model: posix]
  ignore line: [Supported LTO compression algorithms: zlib zstd]
  ignore line: [gcc version 15.1.0 (GCC) ]
  ignore line: [COLLECT_GCC_OPTIONS='-v' '-o' 'CMakeFiles/cmTC_22c0b.dir/CMakeCXXCompilerABI.cpp.o' '-c' '-shared-libgcc' '-mtune=generic' '-march=x86-64' '-dumpdir' 'CMakeFiles/cmTC_22c0b.dir/']
  ignore line: [ /usr/local/gcc-15.1/libexec/gcc/x86_64-pc-linux-gnu/15.1.0/cc1plus -quiet -v -imultiarch x86_64-linux-gnu -D_GNU_SOURCE /usr/share/cmake-3.22/Modules/CMakeCXXCompilerABI.cpp -quiet -dumpdir CMakeFiles/cmTC_22c0b.dir/ -dumpbase CMakeCXXCompilerABI.cpp.cpp -dumpbase-ext .cpp -mtune=generic -march=x86-64 -version -o /tmp/ccWRO2hb.s]
  ignore line: [GNU C++17 (GCC) version 15.1.0 (x86_64-pc-linux-gnu)]
  ignore line: [	compiled by GNU C version 15.1.0  GMP version 6.2.1  MPFR version 4.1.0  MPC version 1.2.1  isl version isl-0.24-GMP]
  ignore line: []
  ignore line: [GGC heuristics: --param ggc-min-expand=100 --param ggc-min-heapsize=131072]
  ignore line: [ignoring nonexistent directory "/usr/local/include/x86_64-linux-gnu"]
  ignore line: [ignoring nonexistent directory "/usr/local/gcc-15.1/lib/gcc/x86_64-pc-linux-gnu/15.1.0/../../../../x86_64-pc-linux-gnu/include"]
  ignore line: [#include "..." search starts here:]
  ignore line: [#include <...> search starts here:]
  ignore line: [ /usr/local/gcc-15.1/lib/gcc/x86_64-pc-linux-gnu/15.1.0/../../../../include/c++/15.1.0]
  ignore line: [ /usr/local/gcc-15.1/lib/gcc/x86_64-pc-linux-gnu/15.1.0/../../../../include/c++/15.1.0/x86_64-pc-linux-gnu]
  ignore line: [ /usr/local/gcc-15.1/lib/gcc/x86_64-pc-linux-gnu/15.1.0/../../../../include/c++/15.1.0/backward]
  ignore line: [ /usr/local/gcc-15.1/lib/gcc/x86_64-pc-linux-gnu/15.1.0/include]
  ignore line: [ /usr/local/include]
  ignore line: [ /usr/local/gcc-15.1/include]
  ignore line: [ /usr/local/gcc-15.1/lib/gcc/x86_64-pc-linux-gnu/15.1.0/include-fixed/x86_64-linux-gnu]
  ignore line: [ /usr/local/gcc-15.1/lib/gcc/x86_64-pc-linux-gnu/15.1.0/include-fixed]
  ignore line: [ /usr/include/x86_64-linux-gnu]
  ignore line: [ /usr/include]
  ignore line: [End of search list.]
  ignore line: [Compiler executable checksum: 883382a72b8a7fa6b582194580fd455d]
  ignore line: [COLLECT_GCC_OPTIONS='-v' '-o' 'CMakeFiles/cmTC_22c0b.dir/CMakeCXXCompilerABI.cpp.o' '-c' '-shared-libgcc' '-mtune=generic' '-march=x86-64' '-dumpdir' 'CMakeFiles/cmTC_22c0b.dir/']
  ignore line: [ as -v --64 -o CMakeFiles/cmTC_22c0b.dir/CMakeCXXCompilerABI.cpp.o /tmp/ccWRO2hb.s]
  ignore line: [GNU assembler version 2.38 (x86_64-linux-gnu) using BFD version (GNU Binutils for Ubuntu) 2.38]
  ignore line: [COMPILER_PATH=/usr/local/gcc-15.1/libexec/gcc/x86_64-pc-linux-gnu/15.1.0/:/usr/local/gcc-15.1/libexec/gcc/x86_64-pc-linux-gnu/15.1.0/:/usr/local/gcc-15.1/libexec/gcc/x86_64-pc-linux-gnu/:/usr/local/gcc-15.1/lib/gcc/x86_64-pc-linux-gnu/15.1.0/:/usr/local/gcc-15.1/lib/gcc/x86_64-pc-linux-gnu/]
  ignore line: [LIBRARY_PATH=/usr/local/gcc-15.1/lib/gcc/x86_64-pc-linux-gnu/15.1.0/:/usr/local/gcc-15.1/lib/gcc/x86_64-pc-linux-gnu/15.1.0/../../../../lib64/:/lib/x86_64-linux-gnu/:/lib/../lib64/:/usr/lib/x86_64-linux-gnu/:/usr/lib/../lib64/:/usr/local/gcc-15.1/lib/gcc/x86_64-pc-linux-gnu/15.1.0/../../../:/lib/:/usr/lib/]
  ignore line: [COLLECT_GCC_OPTIONS='-v' '-o' 'CMakeFiles/cmTC_22c0b.dir/CMakeCXXCompilerABI.cpp.o' '-c' '-shared-libgcc' '-mtune=generic' '-march=x86-64' '-dumpdir' 'CMakeFiles/cmTC_22c0b.dir/CMakeCXXCompilerABI.cpp.']
  ignore line: [Linking CXX executable cmTC_22c0b]
  ignore line: [/usr/bin/cmake -E cmake_link_script CMakeFiles/cmTC_22c0b.dir/link.txt --verbose=1]
  ignore line: [/usr/local/gcc-15.1/bin/g++  -v -rdynamic CMakeFiles/cmTC_22c0b.dir/CMakeCXXCompilerABI.cpp.o -o cmTC_22c0b ]
  ignore line: [Using built-in specs.]
  ignore line: [COLLECT_GCC=/usr/local/gcc-15.1/bin/g++]
  ignore line: [COLLECT_LTO_WRAPPER=/usr/local/gcc-15.1/libexec/gcc/x86_64-pc-linux-gnu/15.1.0/lto-wrapper]
  ignore line: [Target: x86_64-pc-linux-gnu]
  ignore line: [Configured with: ../gcc-15.1.0/configure --prefix=/usr/local/gcc-15.1 --enable-languages=c c++ --disable-multilib]
  ignore line: [Thread model: posix]
  ignore line: [Supported LTO compression algorithms: zlib zstd]
  ignore line: [gcc version 15.1.0 (GCC) ]
  ignore line: [COMPILER_PATH=/usr/local/gcc-15.1/libexec/gcc/x86_64-pc-linux-gnu/15.1.0/:/usr/local/gcc-15.1/libexec/gcc/x86_64-pc-linux-gnu/15.1.0/:/usr/local/gcc-15.1/libexec/gcc/x86_64-pc-linux-gnu/:/usr/local/gcc-15.1/lib/gcc/x86_64-pc-linux-gnu/15.1.0/:/usr/local/gcc-15.1/lib/gcc/x86_64-pc-linux-gnu/]
  ignore line: [LIBRARY_PATH=/usr/local/gcc-15.1/lib/gcc/x86_64-pc-linux-gnu/15.1.0/:/usr/local/gcc-15.1/lib/gcc/x86_64-pc-linux-gnu/15.1.0/../../../../lib64/:/lib/x86_64-linux-gnu/:/lib/../lib64/:/usr/lib/x86_64-linux-gnu/:/usr/lib/../lib64/:/usr/local/gcc-15.1/lib/gcc/x86_64-pc-linux-gnu/15.1.0/../../../:/lib/:/usr/lib/]
  ignore line: [COLLECT_GCC_OPTIONS='-v' '-rdynamic' '-o' 'cmTC_22c0b' '-shared-libgcc' '-mtune=generic' '-march=x86-64' '-dumpdir' 'cmTC_22c0b.']
  link line: [ /usr/local/gcc-15.1/libexec/gcc/x86_64-pc-linux-gnu/15.1.0/collect2 -plugin /usr/local/gcc-15.1/libexec/gcc/x86_64-pc-linux-gnu/15.1.0/liblto_plugin.so -plugin-opt=/usr/local/gcc-15.1/libexec/gcc/x86_64-pc-linux-gnu/15.1.0/lto-wrapper -plugin-opt=-fresolution=/tmp/ccU6cbSI.res -plugin-opt=-pass-through=-lgcc_s -plugin-opt=-pass-through=-lgcc -plugin-opt=-pass-through=-lc -plugin-opt=-pass-through=-lgcc_s -plugin-opt=-pass-through=-lgcc --eh-frame-hdr -m elf_x86_64 -export-dynamic -dynamic-linker /lib64/ld-linux-x86-64.so.2 -o cmTC_22c0b /lib/x86_64-linux-gnu/crt1.o /lib/x86_64-linux-gnu/crti.o /usr/local/gcc-15.1/lib/gcc/x86_64-pc-linux-gnu/15.1.0/crtbegin.o -L/usr/local/gcc-15.1/lib/gcc/x86_64-pc-linux-gnu/15.1.0 -L/usr/local/gcc-15.1/lib/gcc/x86_64-pc-linux-gnu/15.1.0/../../../../lib64 -L/lib/x86_64-linux-gnu -L/lib/../lib64 -L/usr/lib/x86_64-linux-gnu -L/usr/lib/../lib64 -L/usr/local/gcc-15.1/lib/gcc/x86_64-pc-linux-gnu/15.1.0/../../.. -L/lib -L/usr/lib CMakeFiles/cmTC_22c0b.dir/CMakeCXXCompilerABI.cpp.o -lstdc++ -lm -lgcc_s -lgcc -lc -lgcc_s -lgcc /usr/local/gcc-15.1/lib/gcc/x86_64-pc-linux-gnu/15.1.0/crtend.o /lib/x86_64-linux-gnu/crtn.o]
    arg [/usr/local/gcc-15.1/libexec/gcc/x86_64-pc-linux-gnu/15.1.0/collect2] ==> ignore
    arg [-plugin] ==> ignore
    arg [/usr/local/gcc-15.1/libexec/gcc/x86_64-pc-linux-gnu/15.1.0/liblto_plugin.so] ==> ignore
    arg [-plugin-opt=/usr/local/gcc-15.1/libexec/gcc/x86_64-pc-linux-gnu/15.1.0/lto-wrapper] ==> ignore
    arg [-plugin-opt=-fresolution=/tmp/ccU6cbSI.res] ==> ignore
    arg [-plugin-opt=-pass-through=-lgcc_s] ==> ignore
    arg [-plugin-opt=-pass-through=-lgcc] ==> ignore
    arg [-plugin-opt=-pass-through=-lc] ==> ignore
    arg [-plugin-opt=-pass-through=-lgcc_s] ==> ignore
    arg [-plugin-opt=-pass-through=-lgcc] ==> ignore
    arg [--eh-frame-hdr] ==> ignore
    arg [-m] ==> ignore
    arg [elf_x86_64] ==> ignore
    arg [-export-dynamic] ==> ignore
    arg [-dynamic-linker] ==> ignore
    arg [/lib64/ld-linux-x86-64.so.2] ==> ignore
    arg [-o] ==> ignore
    arg [cmTC_22c0b] ==> ignore
    arg [/lib/x86_64-linux-gnu/crt1.o] ==> obj [/lib/x86_64-linux-gnu/crt1.o]
    arg [/lib/x86_64-linux-gnu/crti.o] ==> obj [/lib/x86_64-linux-gnu/crti.o]
    arg [/usr/local/gcc-15.1/lib/gcc/x86_64-pc-linux-gnu/15.1.0/crtbegin.o] ==> obj [/usr/local/gcc-15.1/lib/gcc/x86_64-pc-linux-gnu/15.1.0/crtbegin.o]
    arg [-L/usr/local/gcc-15.1/lib/gcc/x86_64-pc-linux-gnu/15.1.0] ==> dir [/usr/local/gcc-15.1/lib/gcc/x86_64-pc-linux-gnu/15.1.0]
    arg [-L/usr/local/gcc-15.1/lib/gcc/x86_64-pc-linux-gnu/15.1.0/../../../../lib64] ==> dir [/usr/local/gcc-15.1/lib/gcc/x86_64-pc-linux-gnu/15.1.0/../../../../lib64]
    arg [-L/lib/x86_64-linux-gnu] ==> dir [/lib/x86_64-linux-gnu]
    arg [-L/lib/../lib64] ==> dir [/lib/../lib64]
    arg [-L/usr/lib/x86_64-linux-gnu] ==> dir [/usr/lib/x86_64-linux-gnu]
    arg [-L/usr/lib/../lib64] ==> dir [/usr/lib/../lib64]
    arg [-L/usr/local/gcc-15.1/lib/gcc/x86_64-pc-linux-gnu/15.1.0/../../..] ==> dir [/usr/local/gcc-15.1/lib/gcc/x86_64-pc-linux-gnu/15.1.0/../../..]
    arg [-L/lib] ==> dir [/lib]
    arg [-L/usr/lib] ==> dir [/usr/lib]
    arg [CMakeFiles/cmTC_22c0b.dir/CMakeCXXCompilerABI.cpp.o] ==> ignore
    arg [-lstdc++] ==> lib [stdc++]
    arg [-lm] ==> lib [m]
    arg [-lgcc_s] ==> lib [gcc_s]
    arg [-lgcc] ==> lib [gcc]
    arg [-lc] ==> lib [c]
    arg [-lgcc_s] ==> lib [gcc_s]
    arg [-lgcc] ==> lib [gcc]
    arg [/usr/local/gcc-15.1/lib/gcc/x86_64-pc-linux-gnu/15.1.0/crtend.o] ==> obj [/usr/local/gcc-15.1/lib/gcc/x86_64-pc-linux-gnu/15.1.0/crtend.o]
    arg [/lib/x86_64-linux-gnu/crtn.o] ==> obj [/lib/x86_64-linux-gnu/crtn.o]
  collapse library dir [/usr/local/gcc-15.1/lib/gcc/x86_64-pc-linux-gnu/15.1.0] ==> [/usr/local/gcc-15.1/lib/gcc/x86_64-pc-linux-gnu/15.1.0]
  collapse library dir [/usr/local/gcc-15.1/lib/gcc/x86_64-pc-linux-gnu/15.1.0/../../../../lib64] ==> [/usr/local/gcc-15.1/lib64]
  collapse library dir [/lib/x86_64-linux-gnu] ==> [/lib/x86_64-linux-gnu]
  collapse library dir [/lib/../lib64] ==> [/lib64]
  collapse library dir [/usr/lib/x86_64-linux-gnu] ==> [/usr/lib/x86_64-linux-gnu]
  collapse library dir [/usr/lib/../lib64] ==> [/usr/lib64]
  collapse library dir [/usr/local/gcc-15.1/lib/gcc/x86_64-pc-linux-gnu/15.1.0/../../..] ==> [/usr/local/gcc-15.1/lib]
  collapse library dir [/lib] ==> [/lib]
  collapse library dir [/usr/lib] ==> [/usr/lib]
  implicit libs: [stdc++;m;gcc_s;gcc;c;gcc_s;gcc]
  implicit objs: [/lib/x86_64-linux-gnu/crt1.o;/lib/x86_64-linux-gnu/crti.o;/usr/local/gcc-15.1/lib/gcc/x86_64-pc-linux-gnu/15.1.0/crtbegin.o;/usr/local/gcc-15.1/lib/gcc/x86_64-pc-linux-gnu/15.1.0/crtend.o;/lib/x86_64-linux-gnu/crtn.o]
  implicit dirs: [/usr/local/gcc-15.1/lib/gcc/x86_64-pc-linux-gnu/15.1.0;/usr/local/gcc-15.1/lib64;/lib/x86_64-linux-gnu;/lib64;/usr/lib/x86_64-linux-gnu;/usr/lib64;/usr/local/gcc-15.1/lib;/lib;/usr/lib]
  implicit fwks: []


